==========================================
SLURM_JOB_ID = 2102911
SLURM_JOB_NODELIST = node012
==========================================
Running Julia script with 16 thread(s) and order 3
┌ Warning: you passed a key as a symbol instead of a string, it has been automatically converted
└ @ JLD2 ~/.julia/packages/JLD2/z3MOM/src/fileio.jl:10
┌ Warning: you passed a key as a symbol instead of a string, it has been automatically converted
└ @ JLD2 ~/.julia/packages/JLD2/z3MOM/src/fileio.jl:10
┌ Warning: you passed a key as a symbol instead of a string, it has been automatically converted
└ @ JLD2 ~/.julia/packages/JLD2/z3MOM/src/fileio.jl:10
┌ Warning: you passed a key as a symbol instead of a string, it has been automatically converted
└ @ JLD2 ~/.julia/packages/JLD2/z3MOM/src/fileio.jl:10
┌ Warning: you passed a key as a symbol instead of a string, it has been automatically converted
└ @ JLD2 ~/.julia/packages/JLD2/z3MOM/src/fileio.jl:10
┌ Warning: you passed a key as a symbol instead of a string, it has been automatically converted
└ @ JLD2 ~/.julia/packages/JLD2/z3MOM/src/fileio.jl:10
┌ Warning: you passed a key as a symbol instead of a string, it has been automatically converted
└ @ JLD2 ~/.julia/packages/JLD2/z3MOM/src/fileio.jl:10
┌ Warning: you passed a key as a symbol instead of a string, it has been automatically converted
└ @ JLD2 ~/.julia/packages/JLD2/z3MOM/src/fileio.jl:10
┌ Warning: you passed a key as a symbol instead of a string, it has been automatically converted
└ @ JLD2 ~/.julia/packages/JLD2/z3MOM/src/fileio.jl:10
Using Revise
Parsed args:
  dofs  =>  5.0e6
  output-dir  =>  nomultithread/p3/threads16
  degree  =>  3
ns = [746, 374, 187, 94, 47, 24, 12]
Assemble and solve
Threads.nthreads() = 16
time_poisson = 99.540443284
dofs = 5004169
Loop on cells
cell_time = 19.122793212
Loop on patches
patch_time = 38.078479705
η / e = 1.0039081574332993
-----------------------------
Assemble and solve
Threads.nthreads() = 16
time_poisson = 20.122479688
dofs = 1256641
Loop on cells
cell_time = 3.7858187
Loop on patches
patch_time = 7.9181752119999995
η / e = 1.0043269073998196
-----------------------------
Assemble and solve
Threads.nthreads() = 16
time_poisson = 4.476311187
dofs = 313600
Loop on cells
cell_time = 0.920604911
Loop on patches
patch_time = 1.457681355
η / e = 1.0043298737839674
-----------------------------
Assemble and solve
Threads.nthreads() = 16
time_poisson = 0.939113693
dofs = 78961
Loop on cells
cell_time = 0.234251652
Loop on patches
patch_time = 0.287339269
η / e = 1.004329591310609
-----------------------------
Assemble and solve
Threads.nthreads() = 16
time_poisson = 0.147957633
dofs = 19600
Loop on cells
cell_time = 0.092548452
Loop on patches
patch_time = 0.068335984
η / e = 1.0043061282264751
-----------------------------
Assemble and solve
Threads.nthreads() = 16
time_poisson = 0.035842705
dofs = 5041
Loop on cells
cell_time = 0.064543603
Loop on patches
patch_time = 0.0174852
η / e = 1.0041764743805197
-----------------------------
Assemble and solve
Threads.nthreads() = 16
time_poisson = 0.009008323
dofs = 1225
Loop on cells
cell_time = 0.049878355
Loop on patches
patch_time = 0.004564017
η / e = 1.0035718173916688
-----------------------------
Saving to nomultithread/p3/threads16/results.jld2
Finished running with 16 thread(s) and order 3
