==========================================
SLURM_JOB_ID = 2102902
SLURM_JOB_NODELIST = node015
==========================================
Running Julia script with 1 thread(s) and order 2
┌ Warning: you passed a key as a symbol instead of a string, it has been automatically converted
└ @ JLD2 ~/.julia/packages/JLD2/z3MOM/src/fileio.jl:10
┌ Warning: you passed a key as a symbol instead of a string, it has been automatically converted
└ @ JLD2 ~/.julia/packages/JLD2/z3MOM/src/fileio.jl:10
┌ Warning: you passed a key as a symbol instead of a string, it has been automatically converted
└ @ JLD2 ~/.julia/packages/JLD2/z3MOM/src/fileio.jl:10
┌ Warning: you passed a key as a symbol instead of a string, it has been automatically converted
└ @ JLD2 ~/.julia/packages/JLD2/z3MOM/src/fileio.jl:10
┌ Warning: you passed a key as a symbol instead of a string, it has been automatically converted
└ @ JLD2 ~/.julia/packages/JLD2/z3MOM/src/fileio.jl:10
┌ Warning: you passed a key as a symbol instead of a string, it has been automatically converted
└ @ JLD2 ~/.julia/packages/JLD2/z3MOM/src/fileio.jl:10
┌ Warning: you passed a key as a symbol instead of a string, it has been automatically converted
└ @ JLD2 ~/.julia/packages/JLD2/z3MOM/src/fileio.jl:10
┌ Warning: you passed a key as a symbol instead of a string, it has been automatically converted
└ @ JLD2 ~/.julia/packages/JLD2/z3MOM/src/fileio.jl:10
┌ Warning: you passed a key as a symbol instead of a string, it has been automatically converted
└ @ JLD2 ~/.julia/packages/JLD2/z3MOM/src/fileio.jl:10
Using Revise
Parsed args:
  dofs  =>  5.0e6
  output-dir  =>  nomultithread/p2/threads1
  degree  =>  2
ns = [1119, 560, 281, 141, 71, 36, 18]
Assemble and solve
Threads.nthreads() = 1
time_poisson = 88.9027914
dofs = 5004169
Loop on cells
cell_time = 226.47321705
Loop on patches
patch_time = 159.829985868
η / e = 1.0059457462306147
-----------------------------
Assemble and solve
Threads.nthreads() = 1
time_poisson = 13.879073488
dofs = 1252161
Loop on cells
cell_time = 42.260917323
Loop on patches
patch_time = 38.912027261
η / e = 1.0059696233980606
-----------------------------
Assemble and solve
Threads.nthreads() = 1
time_poisson = 2.674875149
dofs = 314721
Loop on cells
cell_time = 8.698085806
Loop on patches
patch_time = 9.812065965
η / e = 1.006016601426459
-----------------------------
Assemble and solve
Threads.nthreads() = 1
time_poisson = 0.488559935
dofs = 78961
Loop on cells
cell_time = 1.845519003
Loop on patches
patch_time = 2.456137468
η / e = 1.0061083174441794
-----------------------------
Assemble and solve
Threads.nthreads() = 1
time_poisson = 0.107628592
dofs = 19881
Loop on cells
cell_time = 0.385762312
Loop on patches
patch_time = 0.611643755
η / e = 1.0062822111054652
-----------------------------
Assemble and solve
Threads.nthreads() = 1
time_poisson = 0.027536473
dofs = 5041
Loop on cells
cell_time = 0.106129318
Loop on patches
patch_time = 0.154445328
η / e = 1.0065926450367395
-----------------------------
Assemble and solve
Threads.nthreads() = 1
time_poisson = 0.007924229
dofs = 1225
Loop on cells
cell_time = 0.035317216
Loop on patches
patch_time = 0.037899838
η / e = 1.0070928927470233
-----------------------------
Saving to nomultithread/p2/threads1/results.jld2
Finished running with 1 thread(s) and order 2
