==========================================
SLURM_JOB_ID = 2102922
SLURM_JOB_NODELIST = node013
==========================================
Running Julia script with 4 thread(s) and order 6
┌ Warning: you passed a key as a symbol instead of a string, it has been automatically converted
└ @ JLD2 ~/.julia/packages/JLD2/z3MOM/src/fileio.jl:10
┌ Warning: you passed a key as a symbol instead of a string, it has been automatically converted
└ @ JLD2 ~/.julia/packages/JLD2/z3MOM/src/fileio.jl:10
┌ Warning: you passed a key as a symbol instead of a string, it has been automatically converted
└ @ JLD2 ~/.julia/packages/JLD2/z3MOM/src/fileio.jl:10
┌ Warning: you passed a key as a symbol instead of a string, it has been automatically converted
└ @ JLD2 ~/.julia/packages/JLD2/z3MOM/src/fileio.jl:10
┌ Warning: you passed a key as a symbol instead of a string, it has been automatically converted
└ @ JLD2 ~/.julia/packages/JLD2/z3MOM/src/fileio.jl:10
┌ Warning: you passed a key as a symbol instead of a string, it has been automatically converted
└ @ JLD2 ~/.julia/packages/JLD2/z3MOM/src/fileio.jl:10
┌ Warning: you passed a key as a symbol instead of a string, it has been automatically converted
└ @ JLD2 ~/.julia/packages/JLD2/z3MOM/src/fileio.jl:10
┌ Warning: you passed a key as a symbol instead of a string, it has been automatically converted
└ @ JLD2 ~/.julia/packages/JLD2/z3MOM/src/fileio.jl:10
┌ Warning: you passed a key as a symbol instead of a string, it has been automatically converted
└ @ JLD2 ~/.julia/packages/JLD2/z3MOM/src/fileio.jl:10
Using Revise
Parsed args:
  dofs  =>  5.0e6
  output-dir  =>  nomultithread/p6/threads4
  degree  =>  6
ns = [373, 187, 94, 47, 24, 12, 6]
Assemble and solve
Threads.nthreads() = 4
time_poisson = 117.020833751
dofs = 5004169
Loop on cells
cell_time = 112.574122192
Loop on patches
patch_time = 157.048758556
η / e = 215.5331374311502
-----------------------------
Assemble and solve
Threads.nthreads() = 4
time_poisson = 27.490331514
dofs = 1256641
Loop on cells
cell_time = 27.304521174
Loop on patches
patch_time = 39.546972582
η / e = 398.19022222031407
-----------------------------
Assemble and solve
Threads.nthreads() = 4
time_poisson = 6.052383533
dofs = 316969
Loop on cells
cell_time = 6.682746727
Loop on patches
patch_time = 9.581472384
η / e = 868.0717289340569
-----------------------------
Assemble and solve
Threads.nthreads() = 4
time_poisson = 1.537424735
dofs = 78961
Loop on cells
cell_time = 1.642270496
Loop on patches
patch_time = 2.358273016
η / e = 867.9725697042082
-----------------------------
Assemble and solve
Threads.nthreads() = 4
time_poisson = 0.328561515
dofs = 20449
Loop on cells
cell_time = 0.458318973
Loop on patches
patch_time = 0.600615852
η / e = 29.18464846039083
-----------------------------
Assemble and solve
Threads.nthreads() = 4
time_poisson = 0.079846984
dofs = 5041
Loop on cells
cell_time = 0.169085424
Loop on patches
patch_time = 0.145142366
η / e = 1.1042416571671225
-----------------------------
Assemble and solve
Threads.nthreads() = 4
time_poisson = 0.020386551
dofs = 1225
Loop on cells
cell_time = 0.082943815
Loop on patches
patch_time = 0.035783347
η / e = 0.9996591227599015
-----------------------------
Saving to nomultithread/p6/threads4/results.jld2
Finished running with 4 thread(s) and order 6
