==========================================
SLURM_JOB_ID = 2102915
SLURM_JOB_NODELIST = node002
==========================================
Running Julia script with 8 thread(s) and order 3
┌ Warning: you passed a key as a symbol instead of a string, it has been automatically converted
└ @ JLD2 ~/.julia/packages/JLD2/z3MOM/src/fileio.jl:10
┌ Warning: you passed a key as a symbol instead of a string, it has been automatically converted
└ @ JLD2 ~/.julia/packages/JLD2/z3MOM/src/fileio.jl:10
┌ Warning: you passed a key as a symbol instead of a string, it has been automatically converted
└ @ JLD2 ~/.julia/packages/JLD2/z3MOM/src/fileio.jl:10
┌ Warning: you passed a key as a symbol instead of a string, it has been automatically converted
└ @ JLD2 ~/.julia/packages/JLD2/z3MOM/src/fileio.jl:10
┌ Warning: you passed a key as a symbol instead of a string, it has been automatically converted
└ @ JLD2 ~/.julia/packages/JLD2/z3MOM/src/fileio.jl:10
┌ Warning: you passed a key as a symbol instead of a string, it has been automatically converted
└ @ JLD2 ~/.julia/packages/JLD2/z3MOM/src/fileio.jl:10
┌ Warning: you passed a key as a symbol instead of a string, it has been automatically converted
└ @ JLD2 ~/.julia/packages/JLD2/z3MOM/src/fileio.jl:10
┌ Warning: you passed a key as a symbol instead of a string, it has been automatically converted
└ @ JLD2 ~/.julia/packages/JLD2/z3MOM/src/fileio.jl:10
┌ Warning: you passed a key as a symbol instead of a string, it has been automatically converted
└ @ JLD2 ~/.julia/packages/JLD2/z3MOM/src/fileio.jl:10
Using Revise
Parsed args:
  dofs  =>  5.0e6
  output-dir  =>  nomultithread/p3/threads8
  degree  =>  3
ns = [746, 374, 187, 94, 47, 24, 12]
Assemble and solve
Threads.nthreads() = 8
time_poisson = 97.057913406
dofs = 5004169
Loop on cells
cell_time = 35.012745404
Loop on patches
patch_time = 40.199302817
η / e = 1.0039082877461492
-----------------------------
Assemble and solve
Threads.nthreads() = 8
time_poisson = 20.736350573
dofs = 1256641
Loop on cells
cell_time = 6.544839229
Loop on patches
patch_time = 9.656227801
η / e = 1.004326907159697
-----------------------------
Assemble and solve
Threads.nthreads() = 8
time_poisson = 4.414848173
dofs = 313600
Loop on cells
cell_time = 1.408641885
Loop on patches
patch_time = 2.044300596
η / e = 1.0043298736988457
-----------------------------
Assemble and solve
Threads.nthreads() = 8
time_poisson = 0.798820196
dofs = 78961
Loop on cells
cell_time = 0.317117272
Loop on patches
patch_time = 0.476008769
η / e = 1.0043295912906987
-----------------------------
Assemble and solve
Threads.nthreads() = 8
time_poisson = 0.148590004
dofs = 19600
Loop on cells
cell_time = 0.09666291
Loop on patches
patch_time = 0.114602113
η / e = 1.0043061282283903
-----------------------------
Assemble and solve
Threads.nthreads() = 8
time_poisson = 0.036083276
dofs = 5041
Loop on cells
cell_time = 0.048423964
Loop on patches
patch_time = 0.02969109
η / e = 1.0041764743805146
-----------------------------
Assemble and solve
Threads.nthreads() = 8
time_poisson = 0.008916049
dofs = 1225
Loop on cells
cell_time = 0.036335704
Loop on patches
patch_time = 0.007414402
η / e = 1.0035718173916688
-----------------------------
Saving to nomultithread/p3/threads8/results.jld2
Finished running with 8 thread(s) and order 3
